#
# There is insufficient memory for the Java Runtime Environment to continue.
# Native memory allocation (mmap) failed to map 536870912 bytes for G1 virtual space
# Possible reasons:
#   The system is out of physical RAM or swap space
#   The process is running with CompressedOops enabled, and the Java Heap may be blocking the growth of the native heap
# Possible solutions:
#   Reduce memory load on the system
#   Increase physical memory or swap space
#   Check if swap backing store is full
#   Decrease Java heap size (-Xmx/-Xms)
#   Decrease number of Java threads
#   Decrease Java thread stack sizes (-Xss)
#   Set larger code cache with -XX:ReservedCodeCacheSize=
#   JVM is running with Zero Based Compressed Oops mode in which the Java heap is
#     placed in the first 32GB address space. The Java Heap base address is the
#     maximum limit for the native heap growth. Please use -XX:HeapBaseMinAddress
#     to set the Java Heap base and to place the Java Heap above 32GB virtual address.
# This output file may be truncated or incomplete.
#
#  Out of Memory Error (os_windows.cpp:3530), pid=22696, tid=18896
#
# JRE version:  (18.0.2.1+1) (build )
# Java VM: Java HotSpot(TM) 64-Bit Server VM (18.0.2.1+1-1, mixed mode, sharing, tiered, compressed oops, compressed class ptrs, g1 gc, windows-amd64)
# No core dump will be written. Minidumps are not enabled by default on client versions of Windows
#

---------------  S U M M A R Y ------------

Command Line: -javaagent:C:\Program Files\JetBrains\IntelliJ IDEA Community Edition 2022.3.2\lib\idea_rt.jar=62262:C:\Program Files\JetBrains\IntelliJ IDEA Community Edition 2022.3.2\bin -Dfile.encoding=UTF-8 -Dsun.stdout.encoding=UTF-8 -Dsun.stderr.encoding=UTF-8 runtime.starter.MulticoreStarter C:\Users\38098\Desktop\kr2\mpi-tasks 2 smpdev useLocalLoader C:\Users\38098\Desktop\kr2\mpi-tasks\out\production\mpi-tasks;C:\Users\38098\Desktop\kr2\mpj-v0_44\lib\mpi.jar;C:\Users\38098\Desktop\kr2\mpj-v0_44\lib\mpi.jar;C:\Users\38098\Desktop\kr2\mpj-v0_44\lib\xdev.jar;C:\Users\38098\Desktop\kr2\mpj-v0_44\lib\mxdev.jar;C:\Users\38098\Desktop\kr2\mpj-v0_44\lib\tools.jar;C:\Users\38098\Desktop\kr2\mpj-v0_44\lib\daemon.jar;C:\Users\38098\Desktop\kr2\mpj-v0_44\lib\hybdev.jar;C:\Users\38098\Desktop\kr2\mpj-v0_44\lib\mpiExp.jar;C:\Users\38098\Desktop\kr2\mpj-v0_44\lib\mpjbuf.jar;C:\Users\38098\Desktop\kr2\mpj-v0_44\lib\mpjdev.jar;C:\Users\38098\Desktop\kr2\mpj-v0_44\lib\niodev.jar;C:\Users\38098\Desktop\kr2\mpj-v0_44\lib\smpdev.jar;C:\Users\38098\Desktop\kr2\mpj-v0_44\lib\loader1.jar;C:\Users\38098\Desktop\kr2\mpj-v0_44\lib\loader2.jar;C:\Users\38098\Desktop\kr2\mpj-v0_44\lib\starter.jar;C:\Users\38098\Desktop\kr2\mpj-v0_44\lib\log4j-1.2.11.jar;C:\Users\38098\Desktop\kr2\mpj-v0_44\lib\daemonmanager.jar;C:\Users\38098\Desktop\kr2\mpj-v0_44\lib\javax.servlet.jar;C:\Users\38098\Desktop\kr2\mpj-v0_44\lib\runtimecommon.jar;C:\Users\38098\Desktop\kr2\mpj-v0_44\lib\commons-io-2.4.jar;C:\Users\38098\Desktop\kr2\mpj-v0_44\lib\commons-cli-1.2.jar;C:\Users\38098\Desktop\kr2\mpj-v0_44\lib\commons-codec-1.8.jar lab6.Nonblocking

Host: Intel(R) Core(TM) i5-7300HQ CPU @ 2.50GHz, 4 cores, 31G,  Windows 10 , 64 bit Build 19041 (10.0.19041.2788)
Time: Fri May 12 16:15:44 2023  Windows 10 , 64 bit Build 19041 (10.0.19041.2788) elapsed time: 0.221407 seconds (0d 0h 0m 0s)

---------------  T H R E A D  ---------------

Current thread (0x000001c517965ae0):  JavaThread "Unknown thread" [_thread_in_vm, id=18896, stack(0x000000773a000000,0x000000773a100000)]

Stack: [0x000000773a000000,0x000000773a100000]
Native frames: (J=compiled Java code, j=interpreted, Vv=VM code, C=native code)
V  [jvm.dll+0x6993aa]
V  [jvm.dll+0x7f46dd]
V  [jvm.dll+0x7f5fee]
V  [jvm.dll+0x7f66a3]
V  [jvm.dll+0x25cf1f]
V  [jvm.dll+0x6962f9]
V  [jvm.dll+0x68ae2a]
V  [jvm.dll+0x32255b]
V  [jvm.dll+0x329f36]
V  [jvm.dll+0x37eade]
V  [jvm.dll+0x37ed0f]
V  [jvm.dll+0x2fa2da]
V  [jvm.dll+0x2fb33d]
V  [jvm.dll+0x7c3310]
V  [jvm.dll+0x38be61]
V  [jvm.dll+0x7a2023]
V  [jvm.dll+0x40dc3f]
V  [jvm.dll+0x40f611]
C  [jli.dll+0x526b]
C  [ucrtbase.dll+0x21bb2]
C  [KERNEL32.DLL+0x17604]
C  [ntdll.dll+0x526a1]


---------------  P R O C E S S  ---------------

Threads class SMR info:
_java_thread_list=0x00007ffe5a30e550, length=0, elements={
}

Java Threads: ( => current thread )

Other Threads:
  0x000001c517a178d0 WorkerThread "GC Thread#0" [stack: 0x000000773a100000,0x000000773a200000] [id=4580]
  0x000001c517a28700 ConcurrentGCThread "G1 Main Marker" [stack: 0x000000773a200000,0x000000773a300000] [id=21428]
  0x000001c517a290f0 WorkerThread "G1 Conc#0" [stack: 0x000000773a300000,0x000000773a400000] [id=10924]

[error occurred during error reporting (printing all threads), id 0xc0000005, EXCEPTION_ACCESS_VIOLATION (0xc0000005) at pc=0x00007ffe59b3a877]

VM state: not at safepoint (not fully initialized)

VM Mutex/Monitor currently owned by a thread:  ([mutex/lock_event])
[0x000001c517962230] Heap_lock - owner thread: 0x000001c517965ae0

Heap address: 0x0000000602000000, size: 8160 MB, Compressed Oops mode: Zero based, Oop shift amount: 3

CDS archive(s) mapped at: [0x0000000000000000-0x0000000000000000-0x0000000000000000), size 0, SharedBaseAddress: 0x0000000800000000, ArchiveRelocationMode: 0.
Narrow klass base: 0x0000000000000000, Narrow klass shift: 0, Narrow klass range: 0x0

GC Precious Log:
 CardTable entry size: 512
 Card Set container configuration: InlinePtr #cards 4 size 8 Array Of Cards #cards 32 size 80 Howl #buckets 8 coarsen threshold 7372 Howl Bitmap #cards 1024 size 144 coarsen threshold 921 Card regions per heap region 1 cards per card region 8192

Heap:
 garbage-first heap   total 0K, used 0K [0x0000000602000000, 0x0000000800000000)
  region size 4096K, 0 young (0K), 0 survivors (0K)

[error occurred during error reporting (printing heap information), id 0xc0000005, EXCEPTION_ACCESS_VIOLATION (0xc0000005) at pc=0x00007ffe59f21839]

GC Heap History (0 events):
No events

Deoptimization events (0 events):
No events

Classes loaded (0 events):
No events

Classes unloaded (0 events):
No events

Classes redefined (0 events):
No events

Internal exceptions (0 events):
No events

VM Operations (0 events):
No events

Events (1 events):
Event: 0.047 Loaded shared library C:\Program Files\Java\jdk-18.0.2.1\bin\java.dll


Dynamic libraries:
0x00007ff6a2ef0000 - 0x00007ff6a2f00000 	C:\Program Files\Java\jdk-18.0.2.1\bin\java.exe
0x00007ffeb1eb0000 - 0x00007ffeb20a8000 	C:\WINDOWS\SYSTEM32\ntdll.dll
0x00007ffeb1750000 - 0x00007ffeb180f000 	C:\WINDOWS\System32\KERNEL32.DLL
0x00007ffeaf9c0000 - 0x00007ffeafc9a000 	C:\WINDOWS\System32\KERNELBASE.dll
0x00007ffeaf850000 - 0x00007ffeaf950000 	C:\WINDOWS\System32\ucrtbase.dll
0x00007ffea90f0000 - 0x00007ffea9108000 	C:\Program Files\Java\jdk-18.0.2.1\bin\jli.dll
0x00007ffea8ff0000 - 0x00007ffea900a000 	C:\Program Files\Java\jdk-18.0.2.1\bin\VCRUNTIME140.dll
0x00007ffeb0300000 - 0x00007ffeb03ae000 	C:\WINDOWS\System32\ADVAPI32.dll
0x00007ffeb16b0000 - 0x00007ffeb174e000 	C:\WINDOWS\System32\msvcrt.dll
0x00007ffeb1dd0000 - 0x00007ffeb1e6c000 	C:\WINDOWS\System32\sechost.dll
0x00007ffeb1310000 - 0x00007ffeb1436000 	C:\WINDOWS\System32\RPCRT4.dll
0x00007ffeb1810000 - 0x00007ffeb19ad000 	C:\WINDOWS\System32\USER32.dll
0x00007ffeaf820000 - 0x00007ffeaf842000 	C:\WINDOWS\System32\win32u.dll
0x00007ffeb03b0000 - 0x00007ffeb03db000 	C:\WINDOWS\System32\GDI32.dll
0x00007ffeafe00000 - 0x00007ffeaff10000 	C:\WINDOWS\System32\gdi32full.dll
0x00007ffea2390000 - 0x00007ffea262a000 	C:\WINDOWS\WinSxS\amd64_microsoft.windows.common-controls_6595b64144ccf1df_6.0.19041.1110_none_60b5254171f9507e\COMCTL32.dll
0x00007ffeaf5f0000 - 0x00007ffeaf68d000 	C:\WINDOWS\System32\msvcp_win.dll
0x00007ffea6dc0000 - 0x00007ffea6dca000 	C:\WINDOWS\SYSTEM32\VERSION.dll
0x00007ffeb0270000 - 0x00007ffeb02a0000 	C:\WINDOWS\System32\IMM32.DLL
0x00007ffeaa9e0000 - 0x00007ffeaa9ec000 	C:\Program Files\Java\jdk-18.0.2.1\bin\vcruntime140_1.dll
0x00007ffe9ec30000 - 0x00007ffe9ecbd000 	C:\Program Files\Java\jdk-18.0.2.1\bin\msvcp140.dll
0x00007ffe59830000 - 0x00007ffe5a441000 	C:\Program Files\Java\jdk-18.0.2.1\bin\server\jvm.dll
0x00007ffeb1d10000 - 0x00007ffeb1d18000 	C:\WINDOWS\System32\PSAPI.DLL
0x00007ffe9cab0000 - 0x00007ffe9cad7000 	C:\WINDOWS\SYSTEM32\WINMM.dll
0x00007ffea0870000 - 0x00007ffea0879000 	C:\WINDOWS\SYSTEM32\WSOCK32.dll
0x00007ffeb1560000 - 0x00007ffeb15cb000 	C:\WINDOWS\System32\WS2_32.dll
0x00007ffeaddd0000 - 0x00007ffeadde2000 	C:\WINDOWS\SYSTEM32\kernel.appcore.dll
0x00007ffea91b0000 - 0x00007ffea91ba000 	C:\Program Files\Java\jdk-18.0.2.1\bin\jimage.dll
0x00007ffeadad0000 - 0x00007ffeadcb4000 	C:\WINDOWS\SYSTEM32\DBGHELP.DLL
0x00007ffea6750000 - 0x00007ffea6784000 	C:\WINDOWS\SYSTEM32\dbgcore.DLL
0x00007ffeaf690000 - 0x00007ffeaf712000 	C:\WINDOWS\System32\bcryptPrimitives.dll
0x00007ffea9090000 - 0x00007ffea909e000 	C:\Program Files\Java\jdk-18.0.2.1\bin\instrument.dll
0x00007ffea5280000 - 0x00007ffea52a5000 	C:\Program Files\Java\jdk-18.0.2.1\bin\java.dll

dbghelp: loaded successfully - version: 4.0.5 - missing functions: none
symbol engine: initialized successfully - sym options: 0x614 - pdb path: .;C:\Program Files\Java\jdk-18.0.2.1\bin;C:\WINDOWS\SYSTEM32;C:\WINDOWS\WinSxS\amd64_microsoft.windows.common-controls_6595b64144ccf1df_6.0.19041.1110_none_60b5254171f9507e;C:\Program Files\Java\jdk-18.0.2.1\bin\server

VM Arguments:
jvm_args: -javaagent:C:\Program Files\JetBrains\IntelliJ IDEA Community Edition 2022.3.2\lib\idea_rt.jar=62262:C:\Program Files\JetBrains\IntelliJ IDEA Community Edition 2022.3.2\bin -Dfile.encoding=UTF-8 -Dsun.stdout.encoding=UTF-8 -Dsun.stderr.encoding=UTF-8 
java_command: runtime.starter.MulticoreStarter C:\Users\38098\Desktop\kr2\mpi-tasks 2 smpdev useLocalLoader C:\Users\38098\Desktop\kr2\mpi-tasks\out\production\mpi-tasks;C:\Users\38098\Desktop\kr2\mpj-v0_44\lib\mpi.jar;C:\Users\38098\Desktop\kr2\mpj-v0_44\lib\mpi.jar;C:\Users\38098\Desktop\kr2\mpj-v0_44\lib\xdev.jar;C:\Users\38098\Desktop\kr2\mpj-v0_44\lib\mxdev.jar;C:\Users\38098\Desktop\kr2\mpj-v0_44\lib\tools.jar;C:\Users\38098\Desktop\kr2\mpj-v0_44\lib\daemon.jar;C:\Users\38098\Desktop\kr2\mpj-v0_44\lib\hybdev.jar;C:\Users\38098\Desktop\kr2\mpj-v0_44\lib\mpiExp.jar;C:\Users\38098\Desktop\kr2\mpj-v0_44\lib\mpjbuf.jar;C:\Users\38098\Desktop\kr2\mpj-v0_44\lib\mpjdev.jar;C:\Users\38098\Desktop\kr2\mpj-v0_44\lib\niodev.jar;C:\Users\38098\Desktop\kr2\mpj-v0_44\lib\smpdev.jar;C:\Users\38098\Desktop\kr2\mpj-v0_44\lib\loader1.jar;C:\Users\38098\Desktop\kr2\mpj-v0_44\lib\loader2.jar;C:\Users\38098\Desktop\kr2\mpj-v0_44\lib\starter.jar;C:\Users\38098\Desktop\kr2\mpj-v0_44\lib\log4j-1.2.11.jar;C:\Users\38098\Desktop\kr2\mpj-v0_44\lib\daemonmanager.jar;C:\Users\38098\Desktop\kr2\mpj-v0_44\lib\javax.servlet.jar;C:\Users\38098\Desktop\kr2\mpj-v0_44\lib\runtimecommon.jar;C:\Users\38098\Desktop\kr2\mpj-v0_44\lib\commons-io-2.4.jar;C:\Users\38098\Desktop\kr2\mpj-v0_44\lib\commons-cli-1.2.jar;C:\Users\38098\Desktop\kr2\mpj-v0_44\lib\commons-codec-1.8.jar lab6.Nonblocking
java_class_path (initial): C:\Users\38098\Desktop\kr2\mpj-v0_44/lib/smpdev.jar;C:\Users\38098\Desktop\kr2\mpj-v0_44/lib/xdev.jar;C:\Users\38098\Desktop\kr2\mpj-v0_44/lib/mpjbuf.jar;C:\Users\38098\Desktop\kr2\mpj-v0_44/lib/loader2.jar;C:\Users\38098\Desktop\kr2\mpj-v0_44/lib/starter.jar;C:\Users\38098\Desktop\kr2\mpj-v0_44/lib/mpiExp.jar
Launcher Type: SUN_STANDARD

[Global flags]
     intx CICompilerCount                          = 3                                         {product} {ergonomic}
     uint ConcGCThreads                            = 1                                         {product} {ergonomic}
     uint G1ConcRefinementThreads                  = 4                                         {product} {ergonomic}
   size_t G1HeapRegionSize                         = 4194304                                   {product} {ergonomic}
    uintx GCDrainStackTargetSize                   = 64                                        {product} {ergonomic}
   size_t InitialHeapSize                          = 536870912                                 {product} {ergonomic}
   size_t MarkStackSize                            = 4194304                                   {product} {ergonomic}
   size_t MaxHeapSize                              = 8556380160                                {product} {ergonomic}
   size_t MinHeapDeltaBytes                        = 4194304                                   {product} {ergonomic}
   size_t MinHeapSize                              = 8388608                                   {product} {ergonomic}
    uintx NonNMethodCodeHeapSize                   = 5832780                                {pd product} {ergonomic}
    uintx NonProfiledCodeHeapSize                  = 122912730                              {pd product} {ergonomic}
    uintx ProfiledCodeHeapSize                     = 122912730                              {pd product} {ergonomic}
    uintx ReservedCodeCacheSize                    = 251658240                              {pd product} {ergonomic}
     bool SegmentedCodeCache                       = true                                      {product} {ergonomic}
   size_t SoftMaxHeapSize                          = 8556380160                             {manageable} {ergonomic}
     bool UseCompressedClassPointers               = true                           {product lp64_product} {ergonomic}
     bool UseCompressedOops                        = true                           {product lp64_product} {ergonomic}
     bool UseG1GC                                  = true                                      {product} {ergonomic}
     bool UseLargePagesIndividualAllocation        = false                                  {pd product} {ergonomic}

Logging:
Log output configuration:
 #0: stdout all=warning uptime,level,tags foldmultilines=false
 #1: stderr all=off uptime,level,tags foldmultilines=false

Environment Variables:
JAVA_HOME=C:\Program Files (x86)\Java\jdk1.8.0_181
PATH=C:\Program Files\Common Files\Oracle\Java\javapath;C:\Program Files (x86)\Common Files\Intel\Shared Libraries\redist\intel64\compiler;C:\Program Files\Microsoft MPI\Bin\;C:\Program Files (x86)\Intel\iCLS Client\;C:\Program Files\Intel\iCLS Client\;C:\Windows\system32;C:\Windows;C:\Windows\System32\Wbem;C:\Windows\System32\WindowsPowerShell\v1.0\;C:\WINDOWS\system32;C:\WINDOWS;C:\WINDOWS\System32\Wbem;C:\WINDOWS\System32\WindowsPowerShell\v1.0\;C:\Program Files (x86)\Intel\Intel(R) Management Engine Components\DAL;C:\Program Files\Intel\Intel(R) Management Engine Components\DAL;C:\Program Files (x86)\Intel\Intel(R) Management Engine Components\IPT;C:\Program Files\Intel\Intel(R) Management Engine Components\IPT;C:\WINDOWS\System32\OpenSSH\;C:\Program Files\dotnet\;C:\Program Files\Microsoft SQL Server\130\Tools\Binn\;C:\Program Files\Intel\WiFi\bin\;C:\Program Files\Common Files\Intel\WirelessCommon\;C:\Program Files (x86)\Microsoft SQL Server\150\Tools\Binn\;C:\Program Files\Microsoft SQL Server\150\Tools\Binn\;C:\Program Files (x86)\Microsoft SQL Server\150\DTS\Binn\;C:\Program Files\Microsoft SQL Server\150\DTS\Binn\;C:\Program Files\Microsoft SQL Server\Client SDK\ODBC\170\Tools\Binn\;C:\Program Files (x86)\NVIDIA Corporation\PhysX\Common;C:\Program Files\NVIDIA Corporation\NVIDIA NvDLISR;C:\Program Files\Git\cmd;C:\WINDOWS\system32;C:\WINDOWS;C:\WINDOWS\System32\Wbem;C:\WINDOWS\System32\WindowsPowerShell\v1.0\;C:\WINDOWS\System32\OpenSSH\;C:\Program Files (x86)\SMLNJ\bin\;C:\Program Files\Docker\Docker\resources\bin;C:\Program Files\Kubernetes\Minikube;C:\Program Files\nodejs\;C:\Users\38098\AppData\Local\Programs\Python\Python310\Scripts\;C:\Users\38098\AppData\Local\Programs\Python\Python310\;C:\Users\38098\AppData\Local\Microsoft\WindowsApps;C:\Program Files\Azure Data Studio\bin;C:\Users\38098\AppData\Local\gitkraken\bin;C:\Users\38098\.dotnet\tools;C:\Users\38098\AppData\Local\Microsoft\WindowsApps;C:\Users\38098\AppData\Local\Programs\Microsoft VS Code\bin;C:\Program Files\Java\jdk-18.0.2.1\bin;;C:\Users\38098\AppData\Local\Robomotion\bin;C:\Users\38098\AppData\Roaming\npm
USERNAME=38098
OS=Windows_NT
PROCESSOR_IDENTIFIER=Intel64 Family 6 Model 158 Stepping 9, GenuineIntel



---------------  S Y S T E M  ---------------

OS:
 Windows 10 , 64 bit Build 19041 (10.0.19041.2788)
OS uptime: 14 days 19:10 hours
Hyper-V role detected

CPU: total 4 (initial active 4) (4 cores per cpu, 1 threads per core) family 6 model 158 stepping 9 microcode 0xb4, cx8, cmov, fxsr, mmx, 3dnowpref, sse, sse2, sse3, ssse3, sse4.1, sse4.2, popcnt, lzcnt, tsc, tscinvbit, avx, avx2, aes, erms, clmul, bmi1, bmi2, adx, fma, vzeroupper, clflush, clflushopt, hv

Memory: 4k page, system-wide physical 32633M (13107M free)
TotalPageFile size 39985M (AvailPageFile size 440M)
current process WorkingSet (physical memory assigned to process): 10M, peak: 10M
current process commit charge ("private bytes"): 52M, peak: 564M

vm_info: Java HotSpot(TM) 64-Bit Server VM (18.0.2.1+1-1) for windows-amd64 JRE (18.0.2.1+1-1), built on Aug 16 2022 01:46:33 by "mach5one" with MS VC++ 16.8 / 16.9 (VS2019)

END.
